#! /usr/local/bin/vvp
:ivl_version "12.0 (stable)";
:ivl_delay_selection "TYPICAL";
:vpi_time_precision - 12;
:vpi_module "/usr/local/lib/ivl/system.vpi";
:vpi_module "/usr/local/lib/ivl/vhdl_sys.vpi";
:vpi_module "/usr/local/lib/ivl/vhdl_textio.vpi";
:vpi_module "/usr/local/lib/ivl/v2005_math.vpi";
:vpi_module "/usr/local/lib/ivl/va_math.vpi";
:vpi_module "/usr/local/lib/ivl/v2009.vpi";
S_0x9b67790 .scope package, "$unit" "$unit" 2 1;
 .timescale 0 0;
S_0x9b67920 .scope module, "ALU_tb" "ALU_tb" 3 3;
 .timescale -9 -12;
v0x9b7e510_0 .var "A", 3 0;
v0x9b7e5f0_0 .net "ALU_Out", 3 0, v0x9b7e1b0_0;  1 drivers
v0x9b7e6c0_0 .var "ALU_Sel", 2 0;
v0x9b7e7c0_0 .var "B", 3 0;
S_0x9b41580 .scope module, "uut" "ALU" 3 8, 4 1 0, S_0x9b67920;
 .timescale 0 0;
    .port_info 0 /INPUT 4 "A";
    .port_info 1 /INPUT 4 "B";
    .port_info 2 /INPUT 3 "ALU_Sel";
    .port_info 3 /OUTPUT 4 "ALU_Out";
v0x9b41780_0 .net "A", 3 0, v0x9b7e510_0;  1 drivers
v0x9b7e1b0_0 .var "ALU_Out", 3 0;
v0x9b7e290_0 .net "ALU_Sel", 2 0, v0x9b7e6c0_0;  1 drivers
v0x9b7e380_0 .net "B", 3 0, v0x9b7e7c0_0;  1 drivers
E_0x9b68a80 .event anyedge, v0x9b7e290_0, v0x9b41780_0, v0x9b7e380_0;
    .scope S_0x9b41580;
T_0 ;
    %wait E_0x9b68a80;
    %load/vec4 v0x9b7e290_0;
    %dup/vec4;
    %pushi/vec4 0, 0, 3;
    %cmp/u;
    %jmp/1 T_0.0, 6;
    %dup/vec4;
    %pushi/vec4 1, 0, 3;
    %cmp/u;
    %jmp/1 T_0.1, 6;
    %dup/vec4;
    %pushi/vec4 2, 0, 3;
    %cmp/u;
    %jmp/1 T_0.2, 6;
    %dup/vec4;
    %pushi/vec4 3, 0, 3;
    %cmp/u;
    %jmp/1 T_0.3, 6;
    %dup/vec4;
    %pushi/vec4 4, 0, 3;
    %cmp/u;
    %jmp/1 T_0.4, 6;
    %pushi/vec4 0, 0, 4;
    %store/vec4 v0x9b7e1b0_0, 0, 4;
    %jmp T_0.6;
T_0.0 ;
    %load/vec4 v0x9b41780_0;
    %load/vec4 v0x9b7e380_0;
    %add;
    %store/vec4 v0x9b7e1b0_0, 0, 4;
    %jmp T_0.6;
T_0.1 ;
    %load/vec4 v0x9b41780_0;
    %load/vec4 v0x9b7e380_0;
    %sub;
    %store/vec4 v0x9b7e1b0_0, 0, 4;
    %jmp T_0.6;
T_0.2 ;
    %load/vec4 v0x9b41780_0;
    %load/vec4 v0x9b7e380_0;
    %and;
    %store/vec4 v0x9b7e1b0_0, 0, 4;
    %jmp T_0.6;
T_0.3 ;
    %load/vec4 v0x9b41780_0;
    %load/vec4 v0x9b7e380_0;
    %or;
    %store/vec4 v0x9b7e1b0_0, 0, 4;
    %jmp T_0.6;
T_0.4 ;
    %load/vec4 v0x9b41780_0;
    %inv;
    %store/vec4 v0x9b7e1b0_0, 0, 4;
    %jmp T_0.6;
T_0.6 ;
    %pop/vec4 1;
    %jmp T_0;
    .thread T_0, $push;
    .scope S_0x9b67920;
T_1 ;
    %vpi_call/w 3 16 "$dumpfile", "dump.vcd" {0 0 0};
    %vpi_call/w 3 17 "$dumpvars", 32'sb00000000000000000000000000000000, S_0x9b67920 {0 0 0};
    %vpi_call/w 3 19 "$display", "A     B     SEL  | OUT" {0 0 0};
    %vpi_call/w 3 20 "$display", "--------------------------" {0 0 0};
    %pushi/vec4 3, 0, 4;
    %store/vec4 v0x9b7e510_0, 0, 4;
    %pushi/vec4 1, 0, 4;
    %store/vec4 v0x9b7e7c0_0, 0, 4;
    %pushi/vec4 0, 0, 3;
    %store/vec4 v0x9b7e6c0_0, 0, 3;
    %delay 10000, 0;
    %vpi_call/w 3 23 "$display", "%b  %b  %b | %b", v0x9b7e510_0, v0x9b7e7c0_0, v0x9b7e6c0_0, v0x9b7e5f0_0 {0 0 0};
    %pushi/vec4 4, 0, 4;
    %store/vec4 v0x9b7e510_0, 0, 4;
    %pushi/vec4 1, 0, 4;
    %store/vec4 v0x9b7e7c0_0, 0, 4;
    %pushi/vec4 1, 0, 3;
    %store/vec4 v0x9b7e6c0_0, 0, 3;
    %delay 10000, 0;
    %vpi_call/w 3 26 "$display", "%b  %b  %b | %b", v0x9b7e510_0, v0x9b7e7c0_0, v0x9b7e6c0_0, v0x9b7e5f0_0 {0 0 0};
    %pushi/vec4 10, 0, 4;
    %store/vec4 v0x9b7e510_0, 0, 4;
    %pushi/vec4 12, 0, 4;
    %store/vec4 v0x9b7e7c0_0, 0, 4;
    %pushi/vec4 2, 0, 3;
    %store/vec4 v0x9b7e6c0_0, 0, 3;
    %delay 10000, 0;
    %vpi_call/w 3 29 "$display", "%b  %b  %b | %b", v0x9b7e510_0, v0x9b7e7c0_0, v0x9b7e6c0_0, v0x9b7e5f0_0 {0 0 0};
    %pushi/vec4 10, 0, 4;
    %store/vec4 v0x9b7e510_0, 0, 4;
    %pushi/vec4 12, 0, 4;
    %store/vec4 v0x9b7e7c0_0, 0, 4;
    %pushi/vec4 3, 0, 3;
    %store/vec4 v0x9b7e6c0_0, 0, 3;
    %delay 10000, 0;
    %vpi_call/w 3 32 "$display", "%b  %b  %b | %b", v0x9b7e510_0, v0x9b7e7c0_0, v0x9b7e6c0_0, v0x9b7e5f0_0 {0 0 0};
    %pushi/vec4 12, 0, 4;
    %store/vec4 v0x9b7e510_0, 0, 4;
    %pushi/vec4 0, 0, 4;
    %store/vec4 v0x9b7e7c0_0, 0, 4;
    %pushi/vec4 4, 0, 3;
    %store/vec4 v0x9b7e6c0_0, 0, 3;
    %delay 10000, 0;
    %vpi_call/w 3 35 "$display", "%b  %b  %b | %b", v0x9b7e510_0, v0x9b7e7c0_0, v0x9b7e6c0_0, v0x9b7e5f0_0 {0 0 0};
    %vpi_call/w 3 37 "$finish" {0 0 0};
    %end;
    .thread T_1;
# The file index is used to find the file name in the following table.
:file_names 5;
    "N/A";
    "<interactive>";
    "-";
    "testbench.sv";
    "design.sv";
